#
# A fatal error has been detected by the Java Runtime Environment:
#
#  SIGSEGV (0xb) at pc=0x000000011ff95f74, pid=814, tid=0x0000000000008547
#
# JRE version: OpenJDK Runtime Environment (8.0_152-b01) (build 1.8.0_152-release-884-b01)
# Java VM: OpenJDK 64-Bit Server VM (25.152-b01 mixed mode bsd-amd64 compressed oops)
# Problematic frame:
# C  [libaapt2_jni.dylib+0x141f74]  _ZNKSt3__16__treeINS_12__value_typeIN7android16BasicStringPieceIcEEN4aapt12ResourceTypeEEENS_19__map_value_compareIS4_S7_NS_4lessIS4_EELb1EEENS_9allocatorIS7_EEE4findIS4_EENS_21__tree_const_iteratorIS7_PNS_11__tree_nodeIS7_PvEElEERKT_+0x54
#
# Failed to write core dump. Core dumps have been disabled. To enable core dumping, try "ulimit -c unlimited" before starting Java again
#
# If you would like to submit a bug report, please visit:
#   http://bugreport.java.com/bugreport/crash.jsp
# The crash happened outside the Java Virtual Machine in native code.
# See problematic frame for where to report the bug.
#

---------------  T H R E A D  ---------------

Current thread (0x00007ff0d40e2000):  JavaThread "Task worker for ':'" [_thread_in_native, id=34119, stack(0x000070000c519000,0x000070000c619000)]

siginfo: si_signo: 11 (SIGSEGV), si_code: 1 (SEGV_MAPERR), si_addr: 0x000007ff0dac20a2

Registers:
RAX=0x00007ff0e31a2350, RBX=0x0000000120019264, RCX=0x0000000000000064, RDX=0x00007ff0cb449b52
RSP=0x000070000c611170, RBP=0x000070000c6111b0, RSI=0x00000000ffffffff, RDI=0x00000001200607f8
R8 =0x0000000000000005, R9 =0x000070000c61117f, R10=0x00007ff0cb449b51, R11=0x00007ff0cb449b51
R12=0x00007ff0cb449b56, R13=0x0000000120019270, R14=0x000000000000000d, R15=0x000007ff0dac2082
RIP=0x000000011ff95f74, EFLAGS=0x0000000000010206, ERR=0x0000000000000004
  TRAPNO=0x000000000000000e

Top of Stack: (sp=0x000070000c611170)
0x000070000c611170:   000070000c612210 000070000c611f30
0x000070000c611180:   ad4ce30b6ea20063 00007ff0daf04e20
0x000070000c611190:   000070000c612210 000070000c611f30
0x000070000c6111a0:   00007ff0cb44c750 00007ff0cb44a8a0
0x000070000c6111b0:   000070000c6111c0 000000011ff95ba6
0x000070000c6111c0:   000070000c6121f0 000000011ff67b9c
0x000070000c6111d0:   00007ff0cc0623b0 00007ff0cc05c578
0x000070000c6111e0:   00007ff0daf04cd8 00007ff0cb44c7a8
0x000070000c6111f0:   00007ff0cb44c750 00007ff0cc05c580
0x000070000c611200:   00007ff0cb44a8a9 00007ff0daf04ce0
0x000070000c611210:   00007ff0cb44c7b8 000000012005b058
0x000070000c611220:   000000012005b118 000000012005b098
0x000070000c611230:   000000012005b0d8 00007ff0cc0624b0
0x000070000c611240:   00007ff0cc062a20 00007ff0cc05c520
0x000070000c611250:   000070000c612208 00007ff0cc064580
0x000070000c611260:   000000001f3ca888 000000012005c8c0
0x000070000c611270:   000000012005c530 000000012005c4b0
0x000070000c611280:   00007ff0cc064770 00007ff0cc064510
0x000070000c611290:   000000012005ae68 00007ff0cc064610
0x000070000c6112a0:   00007ff0cc0628d0 0000000000000008
0x000070000c6112b0:   00007ff0cb44a790 00007ff0cc0626a0
0x000070000c6112c0:   00007ff0e45158a0 000070000c6112d0
0x000070000c6112d0:   0000000000000000 0000000000000000
0x000070000c6112e0:   0000000000000000 000070000c611820
0x000070000c6112f0:   000070000c611648 000070000c611470
0x000070000c611300:   0000000000000081 0000000000000077
0x000070000c611310:   00007ff0cb44a820 00000000202c8801
0x000070000c611320:   000070002671e920 000070000c616980
0x000070000c611330:   000070000c6113c0 00007fff22e15428
0x000070000c611340:   000000000000030a 000000001f3c8da0
0x000070000c611350:   000070000c6113e0 00007fffe2e364be
0x000070000c611360:   00000100202c8860 00007ff0e4530780 

Instructions: (pc=0x000000011ff95f74)
0x000000011ff95f54:   8b 46 08 4d 85 db 4c 8d 4d cf 4d 89 da 4d 0f 44
0x000000011ff95f64:   d1 4f 8d 24 02 48 89 f8 0f 1f 40 00 c6 45 cf 00
0x000000011ff95f74:   49 8b 5f 20 4d 8b 77 28 48 85 db 49 0f 44 d9 4c
0x000000011ff95f84:   89 d2 4e 8d 2c 33 66 0f 1f 44 00 00 4c 39 e2 73 

Register to memory mapping:

RAX=0x00007ff0e31a2350 is an unknown value
RBX=